2023-08-09 07:53:44,263 - URL is Open
2023-08-09 07:53:47,101 - Username is set
2023-08-09 07:53:47,763 - Password is set
2023-08-09 08:10:24,039 - URL is Open
2023-08-09 08:10:27,228 - Username is set
2023-08-09 08:12:57,133 - URL is Open
2023-08-09 08:12:59,763 - Username is set
2023-08-09 08:14:19,079 - URL is Open
2023-08-09 08:14:21,615 - Username is set
2023-08-09 08:16:04,857 - URL is Open
2023-08-09 08:16:07,453 - Username is set
2023-08-09 08:16:14,405 - Password is set
2023-08-09 09:04:04,683 - URL is Open
2023-08-09 09:04:07,460 - Username is set
2023-08-09 09:04:13,959 - Password is set
2023-08-09 10:30:56,150 - ChromeDriver is open
2023-08-09 10:30:57,148 - Username is updated
2023-08-09 10:30:57,627 - Password is updated
2023-08-09 10:31:12,787 - Test Case Pass
2023-08-09 10:31:23,543 - ChromeDriver is open
2023-08-09 10:31:23,964 - Username is updated
2023-08-09 10:31:24,927 - Password is updated
2023-08-09 10:31:40,213 - ChromeDriver is open
2023-08-09 10:31:40,921 - Username is updated
2023-08-09 10:31:42,926 - Password is updated
2023-08-09 10:31:59,046 - ChromeDriver is open
2023-08-09 10:31:59,360 - Username is updated
2023-08-09 10:32:00,381 - Password is updated
2023-08-09 10:32:05,895 - Test Case Pass
2023-08-09 10:32:15,763 - ChromeDriver is open
2023-08-09 10:32:16,969 - Username is updated
2023-08-09 10:32:17,371 - Password is updated
2023-08-09 10:43:26,623 - ChromeDriver is open
2023-08-09 10:43:27,356 - Username is updated
2023-08-09 10:43:27,770 - Password is updated
2023-08-09 10:43:40,334 - Test Case Pass
2023-08-09 10:44:00,723 - ChromeDriver is open
2023-08-09 10:44:01,289 - Username is updated
2023-08-09 10:44:02,565 - Password is updated
2023-08-09 10:44:29,151 - ChromeDriver is open
2023-08-09 10:44:29,757 - Username is updated
2023-08-09 10:44:31,193 - Password is updated
2023-08-09 10:44:57,213 - ChromeDriver is open
2023-08-09 10:44:57,703 - Username is updated
2023-08-09 10:44:59,062 - Password is updated
2023-08-09 10:45:07,442 - Test Case Pass
2023-08-09 10:45:20,031 - ChromeDriver is open
2023-08-09 10:45:23,182 - Username is updated
2023-08-09 10:45:23,619 - Password is updated
2023-08-09 11:50:48,424 - URL is Open
2023-08-09 11:50:50,935 - Username is set
2023-08-09 11:50:57,191 - Password is set
2023-08-09 11:51:32,667 - ChromeDriver is open
2023-08-09 11:51:33,233 - Username is updated
2023-08-09 11:51:33,600 - Password is updated
2023-08-09 11:51:46,608 - Test Case Pass
2023-08-09 11:51:59,768 - ChromeDriver is open
2023-08-09 11:52:00,092 - Username is updated
2023-08-09 11:52:00,887 - Password is updated
2023-08-09 11:52:20,954 - ChromeDriver is open
2023-08-09 11:52:21,358 - Username is updated
2023-08-09 11:52:22,331 - Password is updated
2023-08-09 11:52:44,775 - ChromeDriver is open
2023-08-09 11:52:45,040 - Username is updated
2023-08-09 11:52:45,550 - Password is updated
2023-08-09 11:52:55,521 - Test Case Pass
2023-08-09 11:53:08,628 - ChromeDriver is open
2023-08-09 11:53:09,007 - Username is updated
2023-08-09 11:53:09,304 - Password is updated
2023-08-09 11:56:06,345 - ChromeDriver is open
2023-08-09 11:56:06,874 - Username is updated
2023-08-09 11:56:07,114 - Password is updated
2023-08-09 11:56:18,269 - Test Case Pass
2023-08-09 11:56:30,858 - ChromeDriver is open
2023-08-09 11:56:31,180 - Username is updated
2023-08-09 11:56:32,193 - Password is updated
2023-08-09 11:56:52,962 - ChromeDriver is open
2023-08-09 11:56:53,397 - Username is updated
2023-08-09 11:56:53,908 - Password is updated
2023-08-09 11:57:13,646 - ChromeDriver is open
2023-08-09 11:57:13,913 - Username is updated
2023-08-09 11:57:14,167 - Password is updated
2023-08-09 11:57:25,005 - Test Case Pass
2023-08-09 11:57:37,818 - ChromeDriver is open
2023-08-09 11:57:38,535 - Username is updated
2023-08-09 11:57:40,154 - Password is updated
2023-08-09 12:00:57,732 - URL is Open
2023-08-09 12:01:00,700 - Username is set
2023-08-09 12:01:06,981 - Password is set
2023-08-09 12:06:01,867 - URL is Open
2023-08-09 12:06:04,368 - Username is set
2023-08-09 12:06:10,834 - Password is set
2023-08-09 12:24:26,544 - URL is Open
2023-08-09 12:24:29,572 - Username is set
2023-08-09 12:24:35,828 - Password is set
